2026-06-02 07:45:09,774 - ETLMain - INFO - =====================================================================
2026-06-02 07:45:09,775 - ETLMain - INFO - Iniciando Orquestrador ETL Omie em Python
2026-06-02 07:45:09,775 - ETLMain - INFO - Modo Dry Run: True
2026-06-02 07:45:09,775 - ETLMain - INFO - =====================================================================
2026-06-02 07:45:09,775 - ETLOrchestrator - INFO - Iniciando lote completo de execução ETL Omie...
2026-06-02 07:45:10,791 - ETLOrchestrator - INFO - Encontradas 2 empresas ativas para processamento.
2026-06-02 07:45:11,015 - ETLOrchestrator - INFO - === Iniciando ETL para a empresa: BC MAIS (ID: 1) ===
2026-06-02 07:45:11,562 - ETLOrchestrator - INFO - [BC MAIS] Executando fetch de categorias...
2026-06-02 07:45:11,562 - OmieClient - INFO - Baixando ListarCategorias - Página 1...
2026-06-02 07:45:12,209 - httpx - INFO - HTTP Request: POST https://app.omie.com.br/api/v1/geral/categorias/ "HTTP/1.1 200 OK"
2026-06-02 07:45:12,209 - OmieClient - INFO - Baixando ListarCategorias - Página 2...
2026-06-02 07:45:12,749 - httpx - INFO - HTTP Request: POST https://app.omie.com.br/api/v1/geral/categorias/ "HTTP/1.1 200 OK"
2026-06-02 07:45:12,749 - OmieClient - INFO - Baixando ListarCategorias - Página 3...
2026-06-02 07:45:13,284 - httpx - INFO - HTTP Request: POST https://app.omie.com.br/api/v1/geral/categorias/ "HTTP/1.1 200 OK"
2026-06-02 07:45:13,285 - OmieClient - INFO - Baixando ListarCategorias - Página 4...
2026-06-02 07:45:13,758 - httpx - INFO - HTTP Request: POST https://app.omie.com.br/api/v1/geral/categorias/ "HTTP/1.1 200 OK"
2026-06-02 07:45:13,758 - OmieClient - INFO - Atingido o total de páginas (4) de ListarCategorias. Finalizando paginação.
2026-06-02 07:45:13,758 - ETLOrchestrator - INFO - [BC MAIS] 151 registros baixados com sucesso para categorias.
2026-06-02 07:45:13,758 - ETLOrchestrator - INFO - [BC MAIS] Executando fetch de departamentos...
2026-06-02 07:45:13,758 - OmieClient - INFO - Baixando ListarDepartamentos - Página 1...
2026-06-02 07:45:14,251 - httpx - INFO - HTTP Request: POST https://app.omie.com.br/api/v1/geral/departamentos/ "HTTP/1.1 200 OK"
2026-06-02 07:45:14,251 - OmieClient - INFO - Nenhum registro retornado em ListarDepartamentos - Página 1. Finalizando paginação.
2026-06-02 07:45:14,251 - ETLOrchestrator - INFO - [BC MAIS] 0 registros baixados com sucesso para departamentos.
2026-06-02 07:45:14,251 - ETLOrchestrator - INFO - [BC MAIS] Executando fetch de clientes...
2026-06-02 07:45:14,251 - OmieClient - INFO - Baixando ListarClientes - Página 1...
2026-06-02 07:45:14,911 - httpx - INFO - HTTP Request: POST https://app.omie.com.br/api/v1/geral/clientes/ "HTTP/1.1 200 OK"
2026-06-02 07:45:14,911 - OmieClient - INFO - Atingido o total de páginas (1) de ListarClientes. Finalizando paginação.
2026-06-02 07:45:14,911 - ETLOrchestrator - INFO - [BC MAIS] 40 registros baixados com sucesso para clientes.
2026-06-02 07:45:14,911 - ETLOrchestrator - INFO - [BC MAIS] Executando fetch de contas_correntes...
2026-06-02 07:45:14,911 - OmieClient - INFO - Baixando ListarContasCorrentes - Página 1...
2026-06-02 07:45:15,407 - httpx - INFO - HTTP Request: POST https://app.omie.com.br/api/v1/geral/contacorrente/ "HTTP/1.1 200 OK"
2026-06-02 07:45:15,408 - OmieClient - INFO - Atingido o total de páginas (1) de ListarContasCorrentes. Finalizando paginação.
2026-06-02 07:45:15,408 - ETLOrchestrator - INFO - [BC MAIS] 8 registros baixados com sucesso para contas_correntes.
2026-06-02 07:45:15,408 - ETLOrchestrator - INFO - [BC MAIS] Executando fetch de contas_pagar...
2026-06-02 07:45:15,408 - OmieClient - INFO - Baixando ListarContasPagar - Página 1...
2026-06-02 07:45:16,262 - httpx - INFO - HTTP Request: POST https://app.omie.com.br/api/v1/financas/contapagar/ "HTTP/1.1 200 OK"
2026-06-02 07:45:16,262 - OmieClient - INFO - Atingido o total de páginas (1) de ListarContasPagar. Finalizando paginação.
2026-06-02 07:45:16,262 - ETLOrchestrator - INFO - [BC MAIS] 47 registros baixados com sucesso para contas_pagar.
2026-06-02 07:45:16,262 - ETLOrchestrator - INFO - [BC MAIS] Executando fetch de contas_receber...
2026-06-02 07:45:16,263 - OmieClient - INFO - Baixando ListarContasReceber - Página 1...
2026-06-02 07:45:17,255 - httpx - INFO - HTTP Request: POST https://app.omie.com.br/api/v1/financas/contareceber/ "HTTP/1.1 200 OK"
2026-06-02 07:45:17,256 - OmieClient - INFO - Baixando ListarContasReceber - Página 2...
2026-06-02 07:45:18,092 - httpx - INFO - HTTP Request: POST https://app.omie.com.br/api/v1/financas/contareceber/ "HTTP/1.1 200 OK"
2026-06-02 07:45:18,093 - OmieClient - INFO - Baixando ListarContasReceber - Página 3...
2026-06-02 07:45:18,958 - httpx - INFO - HTTP Request: POST https://app.omie.com.br/api/v1/financas/contareceber/ "HTTP/1.1 200 OK"
2026-06-02 07:45:18,959 - OmieClient - INFO - Baixando ListarContasReceber - Página 4...
2026-06-02 07:45:19,815 - httpx - INFO - HTTP Request: POST https://app.omie.com.br/api/v1/financas/contareceber/ "HTTP/1.1 200 OK"
2026-06-02 07:45:19,816 - OmieClient - INFO - Baixando ListarContasReceber - Página 5...
2026-06-02 07:45:20,578 - httpx - INFO - HTTP Request: POST https://app.omie.com.br/api/v1/financas/contareceber/ "HTTP/1.1 200 OK"
2026-06-02 07:45:20,579 - OmieClient - INFO - Baixando ListarContasReceber - Página 6...
2026-06-02 07:45:21,418 - httpx - INFO - HTTP Request: POST https://app.omie.com.br/api/v1/financas/contareceber/ "HTTP/1.1 200 OK"
2026-06-02 07:45:21,419 - OmieClient - INFO - Atingido o total de páginas (6) de ListarContasReceber. Finalizando paginação.
2026-06-02 07:45:21,419 - ETLOrchestrator - INFO - [BC MAIS] 299 registros baixados com sucesso para contas_receber.
2026-06-02 07:45:21,419 - ETLOrchestrator - INFO - [BC MAIS] Executando fetch de lancamentos_cc...
2026-06-02 07:45:21,419 - OmieClient - INFO - Baixando ListarLancamentosCC - Página 1...
2026-06-02 07:45:21,664 - httpx - INFO - HTTP Request: POST https://app.omie.com.br/api/v1/financas/contacorrentelancamentos/ "HTTP/1.1 500 Internal Server Error"
2026-06-02 07:45:21,664 - OmieClient - WARNING - Erro de conexão na chamada ListarLancamentosCC (Tentativa 1/5): Server error '500 Internal Server Error' for url 'https://app.omie.com.br/api/v1/financas/contacorrentelancamentos/'
For more information check: https://developer.mozilla.org/en-US/docs/Web/HTTP/Status/500. Aguardando 2.0s...
2026-06-02 07:45:23,923 - httpx - INFO - HTTP Request: POST https://app.omie.com.br/api/v1/financas/contacorrentelancamentos/ "HTTP/1.1 500 Internal Server Error"
2026-06-02 07:45:23,923 - OmieClient - WARNING - Erro de conexão na chamada ListarLancamentosCC (Tentativa 2/5): Server error '500 Internal Server Error' for url 'https://app.omie.com.br/api/v1/financas/contacorrentelancamentos/'
For more information check: https://developer.mozilla.org/en-US/docs/Web/HTTP/Status/500. Aguardando 4.0s...
2026-06-02 07:45:28,174 - httpx - INFO - HTTP Request: POST https://app.omie.com.br/api/v1/financas/contacorrentelancamentos/ "HTTP/1.1 500 Internal Server Error"
2026-06-02 07:45:28,174 - OmieClient - WARNING - Erro de conexão na chamada ListarLancamentosCC (Tentativa 3/5): Server error '500 Internal Server Error' for url 'https://app.omie.com.br/api/v1/financas/contacorrentelancamentos/'
For more information check: https://developer.mozilla.org/en-US/docs/Web/HTTP/Status/500. Aguardando 8.0s...
2026-06-02 07:45:36,504 - httpx - INFO - HTTP Request: POST https://app.omie.com.br/api/v1/financas/contacorrentelancamentos/ "HTTP/1.1 500 Internal Server Error"
2026-06-02 07:45:36,504 - OmieClient - WARNING - Erro de conexão na chamada ListarLancamentosCC (Tentativa 4/5): Server error '500 Internal Server Error' for url 'https://app.omie.com.br/api/v1/financas/contacorrentelancamentos/'
For more information check: https://developer.mozilla.org/en-US/docs/Web/HTTP/Status/500. Aguardando 16.0s...
2026-06-02 07:45:52,820 - httpx - INFO - HTTP Request: POST https://app.omie.com.br/api/v1/financas/contacorrentelancamentos/ "HTTP/1.1 500 Internal Server Error"
2026-06-02 07:45:52,821 - OmieClient - ERROR - Erro de rede persistente na chamada ListarLancamentosCC para https://app.omie.com.br/api/v1/financas/contacorrentelancamentos/: Server error '500 Internal Server Error' for url 'https://app.omie.com.br/api/v1/financas/contacorrentelancamentos/'
For more information check: https://developer.mozilla.org/en-US/docs/Web/HTTP/Status/500
2026-06-02 07:45:52,821 - ETLOrchestrator - ERROR - Erro crítico no processamento da empresa BC MAIS (ID: 1): Server error '500 Internal Server Error' for url 'https://app.omie.com.br/api/v1/financas/contacorrentelancamentos/'
For more information check: https://developer.mozilla.org/en-US/docs/Web/HTTP/Status/500
Traceback (most recent call last):
  File "C:\Projetos\PROJETO_BI_OMIE_2026\python_etl\orchestrator.py", line 49, in executar_etl_empresa
    records = extractor.fetch()
  File "C:\Projetos\PROJETO_BI_OMIE_2026\python_etl\extractors\lancamentos_cc.py", line 18, in fetch
    return self.client.fetch_paginated(
           ~~~~~~~~~~~~~~~~~~~~~~~~~~~^
        endpoint="financas/contacorrentelancamentos",
        ^^^^^^^^^^^^^^^^^^^^^^^^^^^^^^^^^^^^^^^^^^^^^
        call_name="ListarLancamentosCC",
        ^^^^^^^^^^^^^^^^^^^^^^^^^^^^^^^^
        list_key="listaLancamentos"
        ^^^^^^^^^^^^^^^^^^^^^^^^^^^
    )
    ^
  File "C:\Projetos\PROJETO_BI_OMIE_2026\python_etl\omie_client.py", line 99, in fetch_paginated
    result = self._post(endpoint, call_name, params)
  File "C:\Projetos\PROJETO_BI_OMIE_2026\python_etl\omie_client.py", line 49, in _post
    response.raise_for_status()
    ~~~~~~~~~~~~~~~~~~~~~~~~~^^
  File "C:\Users\jonat\AppData\Local\Programs\Python\Python313\Lib\site-packages\httpx\_models.py", line 829, in raise_for_status
    raise HTTPStatusError(message, request=request, response=self)
httpx.HTTPStatusError: Server error '500 Internal Server Error' for url 'https://app.omie.com.br/api/v1/financas/contacorrentelancamentos/'
For more information check: https://developer.mozilla.org/en-US/docs/Web/HTTP/Status/500
2026-06-02 07:45:52,941 - ETLOrchestrator - ERROR - Falha ao processar empresa BC MAIS. Prosseguindo para as próximas...
2026-06-02 07:45:53,177 - ETLOrchestrator - INFO - === Iniciando ETL para a empresa: ASSOCIACAO EMPRESARIAL DE BALNEARIO CAMBORIU E CAMBORIU (ID: 3) ===
2026-06-02 07:45:53,468 - ETLOrchestrator - INFO - [ASSOCIACAO EMPRESARIAL DE BALNEARIO CAMBORIU E CAMBORIU] Executando fetch de categorias...
2026-06-02 07:45:53,468 - OmieClient - INFO - Baixando ListarCategorias - Página 1...
2026-06-02 07:45:54,101 - httpx - INFO - HTTP Request: POST https://app.omie.com.br/api/v1/geral/categorias/ "HTTP/1.1 200 OK"
2026-06-02 07:45:54,102 - OmieClient - INFO - Baixando ListarCategorias - Página 2...
2026-06-02 07:45:54,658 - httpx - INFO - HTTP Request: POST https://app.omie.com.br/api/v1/geral/categorias/ "HTTP/1.1 200 OK"
2026-06-02 07:45:54,658 - OmieClient - INFO - Baixando ListarCategorias - Página 3...
2026-06-02 07:45:55,219 - httpx - INFO - HTTP Request: POST https://app.omie.com.br/api/v1/geral/categorias/ "HTTP/1.1 200 OK"
2026-06-02 07:45:55,219 - OmieClient - INFO - Baixando ListarCategorias - Página 4...
2026-06-02 07:45:55,962 - httpx - INFO - HTTP Request: POST https://app.omie.com.br/api/v1/geral/categorias/ "HTTP/1.1 200 OK"
2026-06-02 07:45:55,963 - OmieClient - INFO - Baixando ListarCategorias - Página 5...
2026-06-02 07:45:56,520 - httpx - INFO - HTTP Request: POST https://app.omie.com.br/api/v1/geral/categorias/ "HTTP/1.1 200 OK"
2026-06-02 07:45:56,521 - OmieClient - INFO - Atingido o total de páginas (5) de ListarCategorias. Finalizando paginação.
2026-06-02 07:45:56,521 - ETLOrchestrator - INFO - [ASSOCIACAO EMPRESARIAL DE BALNEARIO CAMBORIU E CAMBORIU] 232 registros baixados com sucesso para categorias.
2026-06-02 07:45:56,521 - ETLOrchestrator - INFO - [ASSOCIACAO EMPRESARIAL DE BALNEARIO CAMBORIU E CAMBORIU] Executando fetch de departamentos...
2026-06-02 07:45:56,521 - OmieClient - INFO - Baixando ListarDepartamentos - Página 1...
2026-06-02 07:45:56,976 - httpx - INFO - HTTP Request: POST https://app.omie.com.br/api/v1/geral/departamentos/ "HTTP/1.1 200 OK"
2026-06-02 07:45:56,976 - OmieClient - INFO - Nenhum registro retornado em ListarDepartamentos - Página 1. Finalizando paginação.
2026-06-02 07:45:56,976 - ETLOrchestrator - INFO - [ASSOCIACAO EMPRESARIAL DE BALNEARIO CAMBORIU E CAMBORIU] 0 registros baixados com sucesso para departamentos.
2026-06-02 07:45:56,976 - ETLOrchestrator - INFO - [ASSOCIACAO EMPRESARIAL DE BALNEARIO CAMBORIU E CAMBORIU] Executando fetch de clientes...
2026-06-02 07:45:56,976 - OmieClient - INFO - Baixando ListarClientes - Página 1...
2026-06-02 07:45:57,800 - httpx - INFO - HTTP Request: POST https://app.omie.com.br/api/v1/geral/clientes/ "HTTP/1.1 200 OK"
2026-06-02 07:45:57,801 - OmieClient - INFO - Baixando ListarClientes - Página 2...
2026-06-02 07:45:58,582 - httpx - INFO - HTTP Request: POST https://app.omie.com.br/api/v1/geral/clientes/ "HTTP/1.1 200 OK"
2026-06-02 07:45:58,583 - OmieClient - INFO - Baixando ListarClientes - Página 3...
2026-06-02 07:45:59,362 - httpx - INFO - HTTP Request: POST https://app.omie.com.br/api/v1/geral/clientes/ "HTTP/1.1 200 OK"
2026-06-02 07:45:59,363 - OmieClient - INFO - Baixando ListarClientes - Página 4...
2026-06-02 07:46:00,078 - httpx - INFO - HTTP Request: POST https://app.omie.com.br/api/v1/geral/clientes/ "HTTP/1.1 200 OK"
2026-06-02 07:46:00,079 - OmieClient - INFO - Baixando ListarClientes - Página 5...
2026-06-02 07:46:00,769 - httpx - INFO - HTTP Request: POST https://app.omie.com.br/api/v1/geral/clientes/ "HTTP/1.1 200 OK"
2026-06-02 07:46:00,770 - OmieClient - INFO - Baixando ListarClientes - Página 6...
2026-06-02 07:46:01,582 - httpx - INFO - HTTP Request: POST https://app.omie.com.br/api/v1/geral/clientes/ "HTTP/1.1 200 OK"
2026-06-02 07:46:01,583 - OmieClient - INFO - Baixando ListarClientes - Página 7...
2026-06-02 07:46:02,256 - httpx - INFO - HTTP Request: POST https://app.omie.com.br/api/v1/geral/clientes/ "HTTP/1.1 200 OK"
2026-06-02 07:46:02,257 - OmieClient - INFO - Baixando ListarClientes - Página 8...
2026-06-02 07:46:02,969 - httpx - INFO - HTTP Request: POST https://app.omie.com.br/api/v1/geral/clientes/ "HTTP/1.1 200 OK"
2026-06-02 07:46:02,969 - OmieClient - INFO - Baixando ListarClientes - Página 9...
2026-06-02 07:46:03,924 - httpx - INFO - HTTP Request: POST https://app.omie.com.br/api/v1/geral/clientes/ "HTTP/1.1 200 OK"
2026-06-02 07:46:03,925 - OmieClient - INFO - Baixando ListarClientes - Página 10...
2026-06-02 07:46:04,693 - httpx - INFO - HTTP Request: POST https://app.omie.com.br/api/v1/geral/clientes/ "HTTP/1.1 200 OK"
2026-06-02 07:46:04,694 - OmieClient - INFO - Baixando ListarClientes - Página 11...
2026-06-02 07:46:05,412 - httpx - INFO - HTTP Request: POST https://app.omie.com.br/api/v1/geral/clientes/ "HTTP/1.1 200 OK"
2026-06-02 07:46:05,413 - OmieClient - INFO - Baixando ListarClientes - Página 12...
2026-06-02 07:46:06,121 - httpx - INFO - HTTP Request: POST https://app.omie.com.br/api/v1/geral/clientes/ "HTTP/1.1 200 OK"
2026-06-02 07:46:06,121 - OmieClient - INFO - Baixando ListarClientes - Página 13...
2026-06-02 07:46:06,853 - httpx - INFO - HTTP Request: POST https://app.omie.com.br/api/v1/geral/clientes/ "HTTP/1.1 200 OK"
2026-06-02 07:46:06,853 - OmieClient - INFO - Baixando ListarClientes - Página 14...
2026-06-02 07:46:07,511 - httpx - INFO - HTTP Request: POST https://app.omie.com.br/api/v1/geral/clientes/ "HTTP/1.1 200 OK"
2026-06-02 07:46:07,511 - OmieClient - INFO - Baixando ListarClientes - Página 15...
2026-06-02 07:46:08,232 - httpx - INFO - HTTP Request: POST https://app.omie.com.br/api/v1/geral/clientes/ "HTTP/1.1 200 OK"
2026-06-02 07:46:08,232 - OmieClient - INFO - Baixando ListarClientes - Página 16...
2026-06-02 07:46:08,925 - httpx - INFO - HTTP Request: POST https://app.omie.com.br/api/v1/geral/clientes/ "HTTP/1.1 200 OK"
2026-06-02 07:46:08,925 - OmieClient - INFO - Baixando ListarClientes - Página 17...
2026-06-02 07:46:09,824 - httpx - INFO - HTTP Request: POST https://app.omie.com.br/api/v1/geral/clientes/ "HTTP/1.1 200 OK"
2026-06-02 07:46:09,824 - OmieClient - INFO - Baixando ListarClientes - Página 18...
2026-06-02 07:46:10,526 - httpx - INFO - HTTP Request: POST https://app.omie.com.br/api/v1/geral/clientes/ "HTTP/1.1 200 OK"
2026-06-02 07:46:10,527 - OmieClient - INFO - Baixando ListarClientes - Página 19...
2026-06-02 07:46:11,369 - httpx - INFO - HTTP Request: POST https://app.omie.com.br/api/v1/geral/clientes/ "HTTP/1.1 200 OK"
2026-06-02 07:46:11,370 - OmieClient - INFO - Baixando ListarClientes - Página 20...
2026-06-02 07:46:12,136 - httpx - INFO - HTTP Request: POST https://app.omie.com.br/api/v1/geral/clientes/ "HTTP/1.1 200 OK"
2026-06-02 07:46:12,138 - OmieClient - INFO - Baixando ListarClientes - Página 21...
2026-06-02 07:46:13,011 - httpx - INFO - HTTP Request: POST https://app.omie.com.br/api/v1/geral/clientes/ "HTTP/1.1 200 OK"
2026-06-02 07:46:13,012 - OmieClient - INFO - Baixando ListarClientes - Página 22...
2026-06-02 07:46:13,874 - httpx - INFO - HTTP Request: POST https://app.omie.com.br/api/v1/geral/clientes/ "HTTP/1.1 200 OK"
2026-06-02 07:46:13,875 - OmieClient - INFO - Baixando ListarClientes - Página 23...
2026-06-02 07:46:14,573 - httpx - INFO - HTTP Request: POST https://app.omie.com.br/api/v1/geral/clientes/ "HTTP/1.1 200 OK"
2026-06-02 07:46:14,573 - OmieClient - INFO - Atingido o total de páginas (23) de ListarClientes. Finalizando paginação.
2026-06-02 07:46:14,573 - ETLOrchestrator - INFO - [ASSOCIACAO EMPRESARIAL DE BALNEARIO CAMBORIU E CAMBORIU] 1145 registros baixados com sucesso para clientes.
2026-06-02 07:46:14,573 - ETLOrchestrator - INFO - [ASSOCIACAO EMPRESARIAL DE BALNEARIO CAMBORIU E CAMBORIU] Executando fetch de contas_correntes...
2026-06-02 07:46:14,573 - OmieClient - INFO - Baixando ListarContasCorrentes - Página 1...
2026-06-02 07:46:15,209 - httpx - INFO - HTTP Request: POST https://app.omie.com.br/api/v1/geral/contacorrente/ "HTTP/1.1 200 OK"
2026-06-02 07:46:15,210 - OmieClient - INFO - Atingido o total de páginas (1) de ListarContasCorrentes. Finalizando paginação.
2026-06-02 07:46:15,210 - ETLOrchestrator - INFO - [ASSOCIACAO EMPRESARIAL DE BALNEARIO CAMBORIU E CAMBORIU] 28 registros baixados com sucesso para contas_correntes.
2026-06-02 07:46:15,210 - ETLOrchestrator - INFO - [ASSOCIACAO EMPRESARIAL DE BALNEARIO CAMBORIU E CAMBORIU] Executando fetch de contas_pagar...
2026-06-02 07:46:15,210 - OmieClient - INFO - Baixando ListarContasPagar - Página 1...
2026-06-02 07:46:15,932 - httpx - INFO - HTTP Request: POST https://app.omie.com.br/api/v1/financas/contapagar/ "HTTP/1.1 200 OK"
2026-06-02 07:46:15,932 - OmieClient - INFO - Baixando ListarContasPagar - Página 2...
2026-06-02 07:46:16,747 - httpx - INFO - HTTP Request: POST https://app.omie.com.br/api/v1/financas/contapagar/ "HTTP/1.1 200 OK"
2026-06-02 07:46:16,748 - OmieClient - INFO - Baixando ListarContasPagar - Página 3...
2026-06-02 07:46:17,645 - httpx - INFO - HTTP Request: POST https://app.omie.com.br/api/v1/financas/contapagar/ "HTTP/1.1 200 OK"
2026-06-02 07:46:17,646 - OmieClient - INFO - Baixando ListarContasPagar - Página 4...
2026-06-02 07:46:18,424 - httpx - INFO - HTTP Request: POST https://app.omie.com.br/api/v1/financas/contapagar/ "HTTP/1.1 200 OK"
2026-06-02 07:46:18,425 - OmieClient - INFO - Baixando ListarContasPagar - Página 5...
2026-06-02 07:46:19,167 - httpx - INFO - HTTP Request: POST https://app.omie.com.br/api/v1/financas/contapagar/ "HTTP/1.1 200 OK"
2026-06-02 07:46:19,167 - OmieClient - INFO - Baixando ListarContasPagar - Página 6...
2026-06-02 07:46:19,992 - httpx - INFO - HTTP Request: POST https://app.omie.com.br/api/v1/financas/contapagar/ "HTTP/1.1 200 OK"
2026-06-02 07:46:19,992 - OmieClient - INFO - Baixando ListarContasPagar - Página 7...
2026-06-02 07:46:20,883 - httpx - INFO - HTTP Request: POST https://app.omie.com.br/api/v1/financas/contapagar/ "HTTP/1.1 200 OK"
2026-06-02 07:46:20,884 - OmieClient - INFO - Baixando ListarContasPagar - Página 8...
2026-06-02 07:46:21,833 - httpx - INFO - HTTP Request: POST https://app.omie.com.br/api/v1/financas/contapagar/ "HTTP/1.1 200 OK"
2026-06-02 07:46:21,834 - OmieClient - INFO - Baixando ListarContasPagar - Página 9...
2026-06-02 07:46:22,594 - httpx - INFO - HTTP Request: POST https://app.omie.com.br/api/v1/financas/contapagar/ "HTTP/1.1 200 OK"
2026-06-02 07:46:22,595 - OmieClient - INFO - Baixando ListarContasPagar - Página 10...
2026-06-02 07:46:23,403 - httpx - INFO - HTTP Request: POST https://app.omie.com.br/api/v1/financas/contapagar/ "HTTP/1.1 200 OK"
2026-06-02 07:46:23,403 - OmieClient - INFO - Baixando ListarContasPagar - Página 11...
2026-06-02 07:46:24,191 - httpx - INFO - HTTP Request: POST https://app.omie.com.br/api/v1/financas/contapagar/ "HTTP/1.1 200 OK"
2026-06-02 07:46:24,192 - OmieClient - INFO - Baixando ListarContasPagar - Página 12...
2026-06-02 07:46:24,902 - httpx - INFO - HTTP Request: POST https://app.omie.com.br/api/v1/financas/contapagar/ "HTTP/1.1 200 OK"
2026-06-02 07:46:24,903 - OmieClient - INFO - Baixando ListarContasPagar - Página 13...
2026-06-02 07:46:25,645 - httpx - INFO - HTTP Request: POST https://app.omie.com.br/api/v1/financas/contapagar/ "HTTP/1.1 200 OK"
2026-06-02 07:46:25,646 - OmieClient - INFO - Baixando ListarContasPagar - Página 14...
2026-06-02 07:46:26,339 - httpx - INFO - HTTP Request: POST https://app.omie.com.br/api/v1/financas/contapagar/ "HTTP/1.1 200 OK"
2026-06-02 07:46:26,339 - OmieClient - INFO - Baixando ListarContasPagar - Página 15...
2026-06-02 07:46:27,032 - httpx - INFO - HTTP Request: POST https://app.omie.com.br/api/v1/financas/contapagar/ "HTTP/1.1 200 OK"
2026-06-02 07:46:27,033 - OmieClient - INFO - Baixando ListarContasPagar - Página 16...
2026-06-02 07:46:27,800 - httpx - INFO - HTTP Request: POST https://app.omie.com.br/api/v1/financas/contapagar/ "HTTP/1.1 200 OK"
2026-06-02 07:46:27,801 - OmieClient - INFO - Baixando ListarContasPagar - Página 17...
2026-06-02 07:46:28,498 - httpx - INFO - HTTP Request: POST https://app.omie.com.br/api/v1/financas/contapagar/ "HTTP/1.1 200 OK"
2026-06-02 07:46:28,499 - OmieClient - INFO - Baixando ListarContasPagar - Página 18...
2026-06-02 07:46:29,209 - httpx - INFO - HTTP Request: POST https://app.omie.com.br/api/v1/financas/contapagar/ "HTTP/1.1 200 OK"
2026-06-02 07:46:29,210 - OmieClient - INFO - Baixando ListarContasPagar - Página 19...
2026-06-02 07:46:30,112 - httpx - INFO - HTTP Request: POST https://app.omie.com.br/api/v1/financas/contapagar/ "HTTP/1.1 200 OK"
2026-06-02 07:46:30,113 - OmieClient - INFO - Baixando ListarContasPagar - Página 20...
2026-06-02 07:46:31,177 - httpx - INFO - HTTP Request: POST https://app.omie.com.br/api/v1/financas/contapagar/ "HTTP/1.1 200 OK"
2026-06-02 07:46:31,178 - OmieClient - INFO - Baixando ListarContasPagar - Página 21...
2026-06-02 07:46:32,291 - httpx - INFO - HTTP Request: POST https://app.omie.com.br/api/v1/financas/contapagar/ "HTTP/1.1 200 OK"
2026-06-02 07:46:32,291 - OmieClient - INFO - Baixando ListarContasPagar - Página 22...
2026-06-02 07:46:33,049 - httpx - INFO - HTTP Request: POST https://app.omie.com.br/api/v1/financas/contapagar/ "HTTP/1.1 200 OK"
2026-06-02 07:46:33,050 - OmieClient - INFO - Baixando ListarContasPagar - Página 23...
2026-06-02 07:46:33,786 - httpx - INFO - HTTP Request: POST https://app.omie.com.br/api/v1/financas/contapagar/ "HTTP/1.1 200 OK"
2026-06-02 07:46:33,787 - OmieClient - INFO - Baixando ListarContasPagar - Página 24...
2026-06-02 07:46:34,636 - httpx - INFO - HTTP Request: POST https://app.omie.com.br/api/v1/financas/contapagar/ "HTTP/1.1 200 OK"
2026-06-02 07:46:34,637 - OmieClient - INFO - Baixando ListarContasPagar - Página 25...
2026-06-02 07:46:35,381 - httpx - INFO - HTTP Request: POST https://app.omie.com.br/api/v1/financas/contapagar/ "HTTP/1.1 200 OK"
2026-06-02 07:46:35,381 - OmieClient - INFO - Baixando ListarContasPagar - Página 26...
2026-06-02 07:46:36,113 - httpx - INFO - HTTP Request: POST https://app.omie.com.br/api/v1/financas/contapagar/ "HTTP/1.1 200 OK"
2026-06-02 07:46:36,114 - OmieClient - INFO - Baixando ListarContasPagar - Página 27...
2026-06-02 07:46:36,919 - httpx - INFO - HTTP Request: POST https://app.omie.com.br/api/v1/financas/contapagar/ "HTTP/1.1 200 OK"
2026-06-02 07:46:36,920 - OmieClient - INFO - Baixando ListarContasPagar - Página 28...
2026-06-02 07:46:37,725 - httpx - INFO - HTTP Request: POST https://app.omie.com.br/api/v1/financas/contapagar/ "HTTP/1.1 200 OK"
2026-06-02 07:46:37,725 - OmieClient - INFO - Baixando ListarContasPagar - Página 29...
2026-06-02 07:46:38,439 - httpx - INFO - HTTP Request: POST https://app.omie.com.br/api/v1/financas/contapagar/ "HTTP/1.1 200 OK"
2026-06-02 07:46:38,440 - OmieClient - INFO - Baixando ListarContasPagar - Página 30...
2026-06-02 07:46:39,266 - httpx - INFO - HTTP Request: POST https://app.omie.com.br/api/v1/financas/contapagar/ "HTTP/1.1 200 OK"
2026-06-02 07:46:39,267 - OmieClient - INFO - Baixando ListarContasPagar - Página 31...
2026-06-02 07:46:40,097 - httpx - INFO - HTTP Request: POST https://app.omie.com.br/api/v1/financas/contapagar/ "HTTP/1.1 200 OK"
2026-06-02 07:46:40,097 - OmieClient - INFO - Baixando ListarContasPagar - Página 32...
2026-06-02 07:46:41,068 - httpx - INFO - HTTP Request: POST https://app.omie.com.br/api/v1/financas/contapagar/ "HTTP/1.1 200 OK"
2026-06-02 07:46:41,068 - OmieClient - INFO - Baixando ListarContasPagar - Página 33...
2026-06-02 07:46:41,794 - httpx - INFO - HTTP Request: POST https://app.omie.com.br/api/v1/financas/contapagar/ "HTTP/1.1 200 OK"
2026-06-02 07:46:41,795 - OmieClient - INFO - Baixando ListarContasPagar - Página 34...
2026-06-02 07:46:42,482 - httpx - INFO - HTTP Request: POST https://app.omie.com.br/api/v1/financas/contapagar/ "HTTP/1.1 200 OK"
2026-06-02 07:46:42,483 - OmieClient - INFO - Baixando ListarContasPagar - Página 35...
2026-06-02 07:46:43,193 - httpx - INFO - HTTP Request: POST https://app.omie.com.br/api/v1/financas/contapagar/ "HTTP/1.1 200 OK"
2026-06-02 07:46:43,194 - OmieClient - INFO - Baixando ListarContasPagar - Página 36...
2026-06-02 07:46:43,895 - httpx - INFO - HTTP Request: POST https://app.omie.com.br/api/v1/financas/contapagar/ "HTTP/1.1 200 OK"
2026-06-02 07:46:43,896 - OmieClient - INFO - Baixando ListarContasPagar - Página 37...
2026-06-02 07:46:44,596 - httpx - INFO - HTTP Request: POST https://app.omie.com.br/api/v1/financas/contapagar/ "HTTP/1.1 200 OK"
2026-06-02 07:46:44,597 - OmieClient - INFO - Baixando ListarContasPagar - Página 38...
2026-06-02 07:46:45,369 - httpx - INFO - HTTP Request: POST https://app.omie.com.br/api/v1/financas/contapagar/ "HTTP/1.1 200 OK"
2026-06-02 07:46:45,369 - OmieClient - INFO - Baixando ListarContasPagar - Página 39...
2026-06-02 07:46:46,104 - httpx - INFO - HTTP Request: POST https://app.omie.com.br/api/v1/financas/contapagar/ "HTTP/1.1 200 OK"
2026-06-02 07:46:46,105 - OmieClient - INFO - Baixando ListarContasPagar - Página 40...
2026-06-02 07:46:46,762 - httpx - INFO - HTTP Request: POST https://app.omie.com.br/api/v1/financas/contapagar/ "HTTP/1.1 200 OK"
2026-06-02 07:46:46,762 - OmieClient - INFO - Baixando ListarContasPagar - Página 41...
2026-06-02 07:46:47,434 - httpx - INFO - HTTP Request: POST https://app.omie.com.br/api/v1/financas/contapagar/ "HTTP/1.1 200 OK"
2026-06-02 07:46:47,434 - OmieClient - INFO - Baixando ListarContasPagar - Página 42...
2026-06-02 07:46:48,098 - httpx - INFO - HTTP Request: POST https://app.omie.com.br/api/v1/financas/contapagar/ "HTTP/1.1 200 OK"
2026-06-02 07:46:48,098 - OmieClient - INFO - Baixando ListarContasPagar - Página 43...
2026-06-02 07:46:48,867 - httpx - INFO - HTTP Request: POST https://app.omie.com.br/api/v1/financas/contapagar/ "HTTP/1.1 200 OK"
2026-06-02 07:46:48,868 - OmieClient - INFO - Baixando ListarContasPagar - Página 44...
2026-06-02 07:46:49,568 - httpx - INFO - HTTP Request: POST https://app.omie.com.br/api/v1/financas/contapagar/ "HTTP/1.1 200 OK"
2026-06-02 07:46:49,569 - OmieClient - INFO - Baixando ListarContasPagar - Página 45...
2026-06-02 07:46:50,283 - httpx - INFO - HTTP Request: POST https://app.omie.com.br/api/v1/financas/contapagar/ "HTTP/1.1 200 OK"
2026-06-02 07:46:50,283 - OmieClient - INFO - Baixando ListarContasPagar - Página 46...
2026-06-02 07:46:51,271 - httpx - INFO - HTTP Request: POST https://app.omie.com.br/api/v1/financas/contapagar/ "HTTP/1.1 200 OK"
2026-06-02 07:46:51,272 - OmieClient - INFO - Baixando ListarContasPagar - Página 47...
2026-06-02 07:46:52,147 - httpx - INFO - HTTP Request: POST https://app.omie.com.br/api/v1/financas/contapagar/ "HTTP/1.1 200 OK"
2026-06-02 07:46:52,148 - OmieClient - INFO - Baixando ListarContasPagar - Página 48...
2026-06-02 07:46:52,916 - httpx - INFO - HTTP Request: POST https://app.omie.com.br/api/v1/financas/contapagar/ "HTTP/1.1 200 OK"
2026-06-02 07:46:52,920 - OmieClient - INFO - Baixando ListarContasPagar - Página 49...
2026-06-02 07:46:53,608 - httpx - INFO - HTTP Request: POST https://app.omie.com.br/api/v1/financas/contapagar/ "HTTP/1.1 200 OK"
2026-06-02 07:46:53,610 - OmieClient - INFO - Baixando ListarContasPagar - Página 50...
2026-06-02 07:46:54,504 - httpx - INFO - HTTP Request: POST https://app.omie.com.br/api/v1/financas/contapagar/ "HTTP/1.1 200 OK"
2026-06-02 07:46:54,504 - OmieClient - INFO - Baixando ListarContasPagar - Página 51...
2026-06-02 07:46:55,326 - httpx - INFO - HTTP Request: POST https://app.omie.com.br/api/v1/financas/contapagar/ "HTTP/1.1 200 OK"
2026-06-02 07:46:55,326 - OmieClient - INFO - Baixando ListarContasPagar - Página 52...
2026-06-02 07:46:56,098 - httpx - INFO - HTTP Request: POST https://app.omie.com.br/api/v1/financas/contapagar/ "HTTP/1.1 200 OK"
2026-06-02 07:46:56,099 - OmieClient - INFO - Baixando ListarContasPagar - Página 53...
2026-06-02 07:46:56,848 - httpx - INFO - HTTP Request: POST https://app.omie.com.br/api/v1/financas/contapagar/ "HTTP/1.1 200 OK"
2026-06-02 07:46:56,848 - OmieClient - INFO - Baixando ListarContasPagar - Página 54...
2026-06-02 07:46:57,537 - httpx - INFO - HTTP Request: POST https://app.omie.com.br/api/v1/financas/contapagar/ "HTTP/1.1 200 OK"
2026-06-02 07:46:57,537 - OmieClient - INFO - Baixando ListarContasPagar - Página 55...
2026-06-02 07:46:58,236 - httpx - INFO - HTTP Request: POST https://app.omie.com.br/api/v1/financas/contapagar/ "HTTP/1.1 200 OK"
2026-06-02 07:46:58,236 - OmieClient - INFO - Baixando ListarContasPagar - Página 56...
2026-06-02 07:46:59,187 - httpx - INFO - HTTP Request: POST https://app.omie.com.br/api/v1/financas/contapagar/ "HTTP/1.1 200 OK"
2026-06-02 07:46:59,188 - OmieClient - INFO - Baixando ListarContasPagar - Página 57...
2026-06-02 07:46:59,885 - httpx - INFO - HTTP Request: POST https://app.omie.com.br/api/v1/financas/contapagar/ "HTTP/1.1 200 OK"
2026-06-02 07:46:59,886 - OmieClient - INFO - Baixando ListarContasPagar - Página 58...
2026-06-02 07:47:00,640 - httpx - INFO - HTTP Request: POST https://app.omie.com.br/api/v1/financas/contapagar/ "HTTP/1.1 200 OK"
2026-06-02 07:47:00,640 - OmieClient - INFO - Baixando ListarContasPagar - Página 59...
2026-06-02 07:47:01,409 - httpx - INFO - HTTP Request: POST https://app.omie.com.br/api/v1/financas/contapagar/ "HTTP/1.1 200 OK"
2026-06-02 07:47:01,410 - OmieClient - INFO - Baixando ListarContasPagar - Página 60...
2026-06-02 07:47:02,254 - httpx - INFO - HTTP Request: POST https://app.omie.com.br/api/v1/financas/contapagar/ "HTTP/1.1 200 OK"
2026-06-02 07:47:02,255 - OmieClient - INFO - Baixando ListarContasPagar - Página 61...
2026-06-02 07:47:02,913 - httpx - INFO - HTTP Request: POST https://app.omie.com.br/api/v1/financas/contapagar/ "HTTP/1.1 200 OK"
2026-06-02 07:47:02,914 - OmieClient - INFO - Baixando ListarContasPagar - Página 62...
2026-06-02 07:47:03,701 - httpx - INFO - HTTP Request: POST https://app.omie.com.br/api/v1/financas/contapagar/ "HTTP/1.1 200 OK"
2026-06-02 07:47:03,702 - OmieClient - INFO - Baixando ListarContasPagar - Página 63...
2026-06-02 07:47:04,408 - httpx - INFO - HTTP Request: POST https://app.omie.com.br/api/v1/financas/contapagar/ "HTTP/1.1 200 OK"
2026-06-02 07:47:04,408 - OmieClient - INFO - Baixando ListarContasPagar - Página 64...
2026-06-02 07:47:05,220 - httpx - INFO - HTTP Request: POST https://app.omie.com.br/api/v1/financas/contapagar/ "HTTP/1.1 200 OK"
2026-06-02 07:47:05,221 - OmieClient - INFO - Baixando ListarContasPagar - Página 65...
2026-06-02 07:47:06,242 - httpx - INFO - HTTP Request: POST https://app.omie.com.br/api/v1/financas/contapagar/ "HTTP/1.1 200 OK"
2026-06-02 07:47:06,242 - OmieClient - INFO - Baixando ListarContasPagar - Página 66...
2026-06-02 07:47:07,122 - httpx - INFO - HTTP Request: POST https://app.omie.com.br/api/v1/financas/contapagar/ "HTTP/1.1 200 OK"
2026-06-02 07:47:07,123 - OmieClient - INFO - Baixando ListarContasPagar - Página 67...
2026-06-02 07:47:07,917 - httpx - INFO - HTTP Request: POST https://app.omie.com.br/api/v1/financas/contapagar/ "HTTP/1.1 200 OK"
2026-06-02 07:47:07,918 - OmieClient - INFO - Baixando ListarContasPagar - Página 68...
2026-06-02 07:47:08,690 - httpx - INFO - HTTP Request: POST https://app.omie.com.br/api/v1/financas/contapagar/ "HTTP/1.1 200 OK"
2026-06-02 07:47:08,691 - OmieClient - INFO - Baixando ListarContasPagar - Página 69...
2026-06-02 07:47:09,550 - httpx - INFO - HTTP Request: POST https://app.omie.com.br/api/v1/financas/contapagar/ "HTTP/1.1 200 OK"
2026-06-02 07:47:09,550 - OmieClient - INFO - Baixando ListarContasPagar - Página 70...
2026-06-02 07:47:10,420 - httpx - INFO - HTTP Request: POST https://app.omie.com.br/api/v1/financas/contapagar/ "HTTP/1.1 200 OK"
2026-06-02 07:47:10,420 - OmieClient - INFO - Baixando ListarContasPagar - Página 71...
2026-06-02 07:47:11,149 - httpx - INFO - HTTP Request: POST https://app.omie.com.br/api/v1/financas/contapagar/ "HTTP/1.1 200 OK"
2026-06-02 07:47:11,150 - OmieClient - INFO - Baixando ListarContasPagar - Página 72...
2026-06-02 07:47:11,878 - httpx - INFO - HTTP Request: POST https://app.omie.com.br/api/v1/financas/contapagar/ "HTTP/1.1 200 OK"
2026-06-02 07:47:11,879 - OmieClient - INFO - Atingido o total de páginas (72) de ListarContasPagar. Finalizando paginação.
2026-06-02 07:47:11,879 - ETLOrchestrator - INFO - [ASSOCIACAO EMPRESARIAL DE BALNEARIO CAMBORIU E CAMBORIU] 3586 registros baixados com sucesso para contas_pagar.
2026-06-02 07:47:11,879 - ETLOrchestrator - INFO - [ASSOCIACAO EMPRESARIAL DE BALNEARIO CAMBORIU E CAMBORIU] Executando fetch de contas_receber...
2026-06-02 07:47:11,879 - OmieClient - INFO - Baixando ListarContasReceber - Página 1...
2026-06-02 07:47:12,570 - httpx - INFO - HTTP Request: POST https://app.omie.com.br/api/v1/financas/contareceber/ "HTTP/1.1 200 OK"
2026-06-02 07:47:12,570 - OmieClient - INFO - Baixando ListarContasReceber - Página 2...
2026-06-02 07:47:13,410 - httpx - INFO - HTTP Request: POST https://app.omie.com.br/api/v1/financas/contareceber/ "HTTP/1.1 200 OK"
2026-06-02 07:47:13,411 - OmieClient - INFO - Baixando ListarContasReceber - Página 3...
2026-06-02 07:47:14,128 - httpx - INFO - HTTP Request: POST https://app.omie.com.br/api/v1/financas/contareceber/ "HTTP/1.1 200 OK"
2026-06-02 07:47:14,128 - OmieClient - INFO - Baixando ListarContasReceber - Página 4...
2026-06-02 07:47:14,854 - httpx - INFO - HTTP Request: POST https://app.omie.com.br/api/v1/financas/contareceber/ "HTTP/1.1 200 OK"
2026-06-02 07:47:14,854 - OmieClient - INFO - Baixando ListarContasReceber - Página 5...
2026-06-02 07:47:15,749 - httpx - INFO - HTTP Request: POST https://app.omie.com.br/api/v1/financas/contareceber/ "HTTP/1.1 200 OK"
2026-06-02 07:47:15,749 - OmieClient - INFO - Baixando ListarContasReceber - Página 6...
2026-06-02 07:47:16,531 - httpx - INFO - HTTP Request: POST https://app.omie.com.br/api/v1/financas/contareceber/ "HTTP/1.1 200 OK"
2026-06-02 07:47:16,532 - OmieClient - INFO - Baixando ListarContasReceber - Página 7...
2026-06-02 07:47:17,396 - httpx - INFO - HTTP Request: POST https://app.omie.com.br/api/v1/financas/contareceber/ "HTTP/1.1 200 OK"
2026-06-02 07:47:17,397 - OmieClient - INFO - Baixando ListarContasReceber - Página 8...
2026-06-02 07:47:18,293 - httpx - INFO - HTTP Request: POST https://app.omie.com.br/api/v1/financas/contareceber/ "HTTP/1.1 200 OK"
2026-06-02 07:47:18,294 - OmieClient - INFO - Baixando ListarContasReceber - Página 9...
2026-06-02 07:47:19,290 - httpx - INFO - HTTP Request: POST https://app.omie.com.br/api/v1/financas/contareceber/ "HTTP/1.1 200 OK"
2026-06-02 07:47:19,290 - OmieClient - INFO - Baixando ListarContasReceber - Página 10...
2026-06-02 07:47:20,140 - httpx - INFO - HTTP Request: POST https://app.omie.com.br/api/v1/financas/contareceber/ "HTTP/1.1 200 OK"
2026-06-02 07:47:20,141 - OmieClient - INFO - Baixando ListarContasReceber - Página 11...
2026-06-02 07:47:20,928 - httpx - INFO - HTTP Request: POST https://app.omie.com.br/api/v1/financas/contareceber/ "HTTP/1.1 200 OK"
2026-06-02 07:47:20,929 - OmieClient - INFO - Baixando ListarContasReceber - Página 12...
2026-06-02 07:47:21,621 - httpx - INFO - HTTP Request: POST https://app.omie.com.br/api/v1/financas/contareceber/ "HTTP/1.1 200 OK"
2026-06-02 07:47:21,621 - OmieClient - INFO - Baixando ListarContasReceber - Página 13...
2026-06-02 07:47:22,536 - httpx - INFO - HTTP Request: POST https://app.omie.com.br/api/v1/financas/contareceber/ "HTTP/1.1 200 OK"
2026-06-02 07:47:22,537 - OmieClient - INFO - Baixando ListarContasReceber - Página 14...
2026-06-02 07:47:23,326 - httpx - INFO - HTTP Request: POST https://app.omie.com.br/api/v1/financas/contareceber/ "HTTP/1.1 200 OK"
2026-06-02 07:47:23,327 - OmieClient - INFO - Baixando ListarContasReceber - Página 15...
2026-06-02 07:47:24,111 - httpx - INFO - HTTP Request: POST https://app.omie.com.br/api/v1/financas/contareceber/ "HTTP/1.1 200 OK"
2026-06-02 07:47:24,112 - OmieClient - INFO - Baixando ListarContasReceber - Página 16...
2026-06-02 07:47:25,268 - httpx - INFO - HTTP Request: POST https://app.omie.com.br/api/v1/financas/contareceber/ "HTTP/1.1 200 OK"
2026-06-02 07:47:25,269 - OmieClient - INFO - Baixando ListarContasReceber - Página 17...
2026-06-02 07:47:26,154 - httpx - INFO - HTTP Request: POST https://app.omie.com.br/api/v1/financas/contareceber/ "HTTP/1.1 200 OK"
2026-06-02 07:47:26,155 - OmieClient - INFO - Baixando ListarContasReceber - Página 18...
2026-06-02 07:47:26,913 - httpx - INFO - HTTP Request: POST https://app.omie.com.br/api/v1/financas/contareceber/ "HTTP/1.1 200 OK"
2026-06-02 07:47:26,914 - OmieClient - INFO - Baixando ListarContasReceber - Página 19...
2026-06-02 07:47:27,666 - httpx - INFO - HTTP Request: POST https://app.omie.com.br/api/v1/financas/contareceber/ "HTTP/1.1 200 OK"
2026-06-02 07:47:27,667 - OmieClient - INFO - Baixando ListarContasReceber - Página 20...
2026-06-02 07:47:28,377 - httpx - INFO - HTTP Request: POST https://app.omie.com.br/api/v1/financas/contareceber/ "HTTP/1.1 200 OK"
2026-06-02 07:47:28,378 - OmieClient - INFO - Baixando ListarContasReceber - Página 21...
2026-06-02 07:47:29,193 - httpx - INFO - HTTP Request: POST https://app.omie.com.br/api/v1/financas/contareceber/ "HTTP/1.1 200 OK"
2026-06-02 07:47:29,194 - OmieClient - INFO - Baixando ListarContasReceber - Página 22...
2026-06-02 07:47:29,991 - httpx - INFO - HTTP Request: POST https://app.omie.com.br/api/v1/financas/contareceber/ "HTTP/1.1 200 OK"
2026-06-02 07:47:29,991 - OmieClient - INFO - Baixando ListarContasReceber - Página 23...
2026-06-02 07:47:30,767 - httpx - INFO - HTTP Request: POST https://app.omie.com.br/api/v1/financas/contareceber/ "HTTP/1.1 200 OK"
2026-06-02 07:47:30,768 - OmieClient - INFO - Baixando ListarContasReceber - Página 24...
2026-06-02 07:47:31,692 - httpx - INFO - HTTP Request: POST https://app.omie.com.br/api/v1/financas/contareceber/ "HTTP/1.1 200 OK"
2026-06-02 07:47:31,693 - OmieClient - INFO - Baixando ListarContasReceber - Página 25...
2026-06-02 07:47:32,472 - httpx - INFO - HTTP Request: POST https://app.omie.com.br/api/v1/financas/contareceber/ "HTTP/1.1 200 OK"
2026-06-02 07:47:32,473 - OmieClient - INFO - Baixando ListarContasReceber - Página 26...
2026-06-02 07:47:33,329 - httpx - INFO - HTTP Request: POST https://app.omie.com.br/api/v1/financas/contareceber/ "HTTP/1.1 200 OK"
2026-06-02 07:47:33,329 - OmieClient - INFO - Baixando ListarContasReceber - Página 27...
2026-06-02 07:47:34,120 - httpx - INFO - HTTP Request: POST https://app.omie.com.br/api/v1/financas/contareceber/ "HTTP/1.1 200 OK"
2026-06-02 07:47:34,121 - OmieClient - INFO - Baixando ListarContasReceber - Página 28...
2026-06-02 07:47:34,869 - httpx - INFO - HTTP Request: POST https://app.omie.com.br/api/v1/financas/contareceber/ "HTTP/1.1 200 OK"
2026-06-02 07:47:34,869 - OmieClient - INFO - Baixando ListarContasReceber - Página 29...
2026-06-02 07:47:35,715 - httpx - INFO - HTTP Request: POST https://app.omie.com.br/api/v1/financas/contareceber/ "HTTP/1.1 200 OK"
2026-06-02 07:47:35,715 - OmieClient - INFO - Baixando ListarContasReceber - Página 30...
2026-06-02 07:47:36,630 - httpx - INFO - HTTP Request: POST https://app.omie.com.br/api/v1/financas/contareceber/ "HTTP/1.1 200 OK"
2026-06-02 07:47:36,631 - OmieClient - INFO - Baixando ListarContasReceber - Página 31...
2026-06-02 07:47:37,353 - httpx - INFO - HTTP Request: POST https://app.omie.com.br/api/v1/financas/contareceber/ "HTTP/1.1 200 OK"
2026-06-02 07:47:37,354 - OmieClient - INFO - Baixando ListarContasReceber - Página 32...
2026-06-02 07:47:38,343 - httpx - INFO - HTTP Request: POST https://app.omie.com.br/api/v1/financas/contareceber/ "HTTP/1.1 200 OK"
2026-06-02 07:47:38,344 - OmieClient - INFO - Baixando ListarContasReceber - Página 33...
2026-06-02 07:47:39,229 - httpx - INFO - HTTP Request: POST https://app.omie.com.br/api/v1/financas/contareceber/ "HTTP/1.1 200 OK"
2026-06-02 07:47:39,230 - OmieClient - INFO - Baixando ListarContasReceber - Página 34...
2026-06-02 07:47:40,053 - httpx - INFO - HTTP Request: POST https://app.omie.com.br/api/v1/financas/contareceber/ "HTTP/1.1 200 OK"
2026-06-02 07:47:40,054 - OmieClient - INFO - Baixando ListarContasReceber - Página 35...
2026-06-02 07:47:41,173 - httpx - INFO - HTTP Request: POST https://app.omie.com.br/api/v1/financas/contareceber/ "HTTP/1.1 200 OK"
2026-06-02 07:47:41,174 - OmieClient - INFO - Baixando ListarContasReceber - Página 36...
2026-06-02 07:47:41,896 - httpx - INFO - HTTP Request: POST https://app.omie.com.br/api/v1/financas/contareceber/ "HTTP/1.1 200 OK"
2026-06-02 07:47:41,896 - OmieClient - INFO - Baixando ListarContasReceber - Página 37...
